<?xml version="1.0" encoding="UTF-8"?>
<testsuite xmlns:xsi="http://www.w3.org/2001/XMLSchema-instance" xsi:noNamespaceSchemaLocation="https://maven.apache.org/surefire/maven-surefire-plugin/xsd/surefire-test-report.xsd" name="com.library2.AppTest" time="0.046" tests="1" errors="0" skipped="0" failures="0">
  <properties>
    <property name="java.specification.version" value="21"/>
    <property name="sun.cpu.isalist" value="amd64"/>
    <property name="sun.jnu.encoding" value="Cp1252"/>
    <property name="java.class.path" value="C:\Users\ayush\OneDrive\Desktop\Spring&amp;Maven\librarymanagement2\target\test-classes;C:\Users\ayush\OneDrive\Desktop\Spring&amp;Maven\librarymanagement2\target\classes;C:\Users\ayush\.m2\repository\junit\junit\4.11\junit-4.11.jar;C:\Users\ayush\.m2\repository\org\hamcrest\hamcrest-core\1.3\hamcrest-core-1.3.jar;C:\Users\ayush\.m2\repository\org\springframework\spring-aop\7.0.0-M6\spring-aop-7.0.0-M6.jar;C:\Users\ayush\.m2\repository\org\springframework\spring-beans\7.0.0-M6\spring-beans-7.0.0-M6.jar;C:\Users\ayush\.m2\repository\org\aspectj\aspectjrt\1.9.19\aspectjrt-1.9.19.jar;C:\Users\ayush\.m2\repository\org\aspectj\aspectjweaver\1.9.19\aspectjweaver-1.9.19.jar;C:\Users\ayush\.m2\repository\org\springframework\spring-core\7.0.0-M6\spring-core-7.0.0-M6.jar;C:\Users\ayush\.m2\repository\commons-logging\commons-logging\1.3.5\commons-logging-1.3.5.jar;C:\Users\ayush\.m2\repository\org\jspecify\jspecify\1.0.0\jspecify-1.0.0.jar;C:\Users\ayush\.m2\repository\org\springframework\spring-context\7.0.0-M6\spring-context-7.0.0-M6.jar;C:\Users\ayush\.m2\repository\org\springframework\spring-expression\7.0.0-M6\spring-expression-7.0.0-M6.jar;C:\Users\ayush\.m2\repository\io\micrometer\micrometer-observation\1.15.1\micrometer-observation-1.15.1.jar;C:\Users\ayush\.m2\repository\io\micrometer\micrometer-commons\1.15.1\micrometer-commons-1.15.1.jar;"/>
    <property name="java.vm.vendor" value="Oracle Corporation"/>
    <property name="sun.arch.data.model" value="64"/>
    <property name="user.variant" value=""/>
    <property name="java.vendor.url" value="https://java.oracle.com/"/>
    <property name="user.timezone" value="Asia/Calcutta"/>
    <property name="os.name" value="Windows 11"/>
    <property name="java.vm.specification.version" value="21"/>
    <property name="sun.java.launcher" value="SUN_STANDARD"/>
    <property name="user.country" value="IN"/>
    <property name="sun.boot.library.path" value="C:\Program Files\Java\jdk-21\bin"/>
    <property name="sun.java.command" value="C:\Users\ayush\AppData\Local\Temp\surefire3339172980445708652\surefirebooter11780924133161984581.jar C:\Users\ayush\AppData\Local\Temp\surefire3339172980445708652 2025-07-05T18-59-23_684-jvmRun1 surefire13975663331641993003tmp surefire_03240676726837412177tmp"/>
    <property name="jdk.debug" value="release"/>
    <property name="surefire.test.class.path" value="C:\Users\ayush\OneDrive\Desktop\Spring&amp;Maven\librarymanagement2\target\test-classes;C:\Users\ayush\OneDrive\Desktop\Spring&amp;Maven\librarymanagement2\target\classes;C:\Users\ayush\.m2\repository\junit\junit\4.11\junit-4.11.jar;C:\Users\ayush\.m2\repository\org\hamcrest\hamcrest-core\1.3\hamcrest-core-1.3.jar;C:\Users\ayush\.m2\repository\org\springframework\spring-aop\7.0.0-M6\spring-aop-7.0.0-M6.jar;C:\Users\ayush\.m2\repository\org\springframework\spring-beans\7.0.0-M6\spring-beans-7.0.0-M6.jar;C:\Users\ayush\.m2\repository\org\aspectj\aspectjrt\1.9.19\aspectjrt-1.9.19.jar;C:\Users\ayush\.m2\repository\org\aspectj\aspectjweaver\1.9.19\aspectjweaver-1.9.19.jar;C:\Users\ayush\.m2\repository\org\springframework\spring-core\7.0.0-M6\spring-core-7.0.0-M6.jar;C:\Users\ayush\.m2\repository\commons-logging\commons-logging\1.3.5\commons-logging-1.3.5.jar;C:\Users\ayush\.m2\repository\org\jspecify\jspecify\1.0.0\jspecify-1.0.0.jar;C:\Users\ayush\.m2\repository\org\springframework\spring-context\7.0.0-M6\spring-context-7.0.0-M6.jar;C:\Users\ayush\.m2\repository\org\springframework\spring-expression\7.0.0-M6\spring-expression-7.0.0-M6.jar;C:\Users\ayush\.m2\repository\io\micrometer\micrometer-observation\1.15.1\micrometer-observation-1.15.1.jar;C:\Users\ayush\.m2\repository\io\micrometer\micrometer-commons\1.15.1\micrometer-commons-1.15.1.jar;"/>
    <property name="sun.cpu.endian" value="little"/>
    <property name="user.home" value="C:\Users\ayush"/>
    <property name="user.language" value="en"/>
    <property name="java.specification.vendor" value="Oracle Corporation"/>
    <property name="java.version.date" value="2024-01-16"/>
    <property name="java.home" value="C:\Program Files\Java\jdk-21"/>
    <property name="file.separator" value="\"/>
    <property name="basedir" value="C:\Users\ayush\OneDrive\Desktop\Spring&amp;Maven\librarymanagement2"/>
    <property name="java.vm.compressedOopsMode" value="Zero based"/>
    <property name="line.separator" value="&#10;"/>
    <property name="java.vm.specification.vendor" value="Oracle Corporation"/>
    <property name="java.specification.name" value="Java Platform API Specification"/>
    <property name="surefire.real.class.path" value="C:\Users\ayush\AppData\Local\Temp\surefire3339172980445708652\surefirebooter11780924133161984581.jar"/>
    <property name="user.script" value=""/>
    <property name="sun.management.compiler" value="HotSpot 64-Bit Tiered Compilers"/>
    <property name="java.runtime.version" value="21.0.2+13-LTS-58"/>
    <property name="user.name" value="ayush"/>
    <property name="stdout.encoding" value="Cp1252"/>
    <property name="path.separator" value=";"/>
    <property name="os.version" value="10.0"/>
    <property name="java.runtime.name" value="Java(TM) SE Runtime Environment"/>
    <property name="file.encoding" value="UTF-8"/>
    <property name="java.vm.name" value="Java HotSpot(TM) 64-Bit Server VM"/>
    <property name="localRepository" value="C:\Users\ayush\.m2\repository"/>
    <property name="java.vendor.url.bug" value="https://bugreport.java.com/bugreport/"/>
    <property name="java.io.tmpdir" value="C:\Users\ayush\AppData\Local\Temp\"/>
    <property name="java.version" value="21.0.2"/>
    <property name="user.dir" value="C:\Users\ayush\OneDrive\Desktop\Spring&amp;Maven\librarymanagement2"/>
    <property name="os.arch" value="amd64"/>
    <property name="java.vm.specification.name" value="Java Virtual Machine Specification"/>
    <property name="sun.os.patch.level" value=""/>
    <property name="native.encoding" value="Cp1252"/>
    <property name="java.library.path" value="C:\Program Files\Java\jdk-21\bin;C:\WINDOWS\Sun\Java\bin;C:\WINDOWS\system32;C:\WINDOWS;C:\Users\ayush\Downloads\WINDOWS.X64_213000_db_home\bin;C:\Program Files\Common Files\Oracle\Java\javapath;C:\Program Files (x86)\Common Files\Oracle\Java\java8path;C:\Program Files (x86)\Common Files\Oracle\Java\javapath;C:\WINDOWS\system32;C:\WINDOWS;C:\WINDOWS\System32\Wbem;C:\WINDOWS\System32\WindowsPowerShell\v1.0\;C:\WINDOWS\System32\OpenSSH\;C:\Program Files\Git\cmd;C:\ProgramData\chocolatey\bin;C:\Program Files\nodejs\;C:\Users\ayush\AppData\Local\Programs\Python\Python313\Scripts\;C:\Users\ayush\AppData\Local\Programs\Python\Python313\;C:\Users\ayush\AppData\Local\Programs\Python\Python312\Scripts\;C:\Users\ayush\AppData\Local\Programs\Python\Python312\;C:\Users\ayush\AppData\Local\Programs\Python\Python311\Scripts\;C:\Users\ayush\AppData\Local\Programs\Python\Python311\;C:\Users\ayush\AppData\Local\Microsoft\WindowsApps;C:\MinGW\bin;C:\Users\ayush\dev\flutter\bin;C:\Program Files\GnuWin32\bin;C:\Users\ayush\AppData\Local\Pub\Cache\bin;C:\Users\ayush\flutter_cli;C:\Users\ayush\AppData\Roaming\npm;C:\Users\ayush\AppData\Local\Programs\Microsoft VS Code\bin;C:\Program Files\apache-maven-3.9.10\bin;;c:\Users\ayush\.vscode\extensions\ms-python.debugpy-2025.8.0-win32-x64\bundled\scripts\noConfigScripts;c:\Users\ayush\AppData\Roaming\Code\User\globalStorage\github.copilot-chat\debugCommand;."/>
    <property name="java.vm.info" value="mixed mode, sharing"/>
    <property name="stderr.encoding" value="Cp1252"/>
    <property name="java.vendor" value="Oracle Corporation"/>
    <property name="java.vm.version" value="21.0.2+13-LTS-58"/>
    <property name="sun.io.unicode.encoding" value="UnicodeLittle"/>
    <property name="java.class.version" value="65.0"/>
  </properties>
  <testcase name="shouldAnswerWithTrue" classname="com.library2.AppTest" time="0.006"/>
</testsuite>