<?xml version="1.0" encoding="UTF-8"?>
<testsuite name="junit_advanced.EvenCheckerTest" tests="10" skipped="0" failures="0" errors="0" timestamp="2025-06-29T04:50:56" hostname="HEMANUJ" time="0.608">
  <properties/>
  <testcase name="[1] 2" classname="junit_advanced.EvenCheckerTest" time="0.077"/>
  <testcase name="[2] 4" classname="junit_advanced.EvenCheckerTest" time="0.002"/>
  <testcase name="[3] 6" classname="junit_advanced.EvenCheckerTest" time="0.002"/>
  <testcase name="[4] 8" classname="junit_advanced.EvenCheckerTest" time="0.001"/>
  <testcase name="[5] 10" classname="junit_advanced.EvenCheckerTest" time="0.012"/>
  <testcase name="[1] 2" classname="junit_advanced.EvenCheckerTest" time="0.001"/>
  <testcase name="[2] 4" classname="junit_advanced.EvenCheckerTest" time="0.001"/>
  <testcase name="[3] 6" classname="junit_advanced.EvenCheckerTest" time="0.002"/>
  <testcase name="[4] 8" classname="junit_advanced.EvenCheckerTest" time="0.002"/>
  <testcase name="[5] 10" classname="junit_advanced.EvenCheckerTest" time="0.001"/>
  <system-out><![CDATA[]]></system-out>
  <system-err><![CDATA[]]></system-err>
</testsuite>
