<?xml version="1.0" encoding="UTF-8"?>
<testsuite name="junit.CalculatorTest" tests="5" skipped="0" failures="0" errors="0" timestamp="2025-06-29T04:21:12" hostname="HEMANUJ" time="0.052">
  <properties/>
  <testcase name="testDivideByZero()" classname="junit.CalculatorTest" time="0.036"/>
  <testcase name="testAdd()" classname="junit.CalculatorTest" time="0.003"/>
  <testcase name="testSubtract()" classname="junit.CalculatorTest" time="0.002"/>
  <testcase name="testDivide()" classname="junit.CalculatorTest" time="0.002"/>
  <testcase name="testMultiply()" classname="junit.CalculatorTest" time="0.002"/>
  <system-out><![CDATA[]]></system-out>
  <system-err><![CDATA[]]></system-err>
</testsuite>
